<?xml version="1.0" encoding="UTF-8"?>
<!-- Generated by org.testng.reporters.JUnitXMLReporter -->
<testsuite ignored="0" hostname="Rohit" failures="0" tests="3" name="Default test" time="25.01" errors="0" timestamp="2026-06-05T18:48:41 IST">
  <testcase classname="com.shilpa.tests.LoginTest" name="sauceDemoLogin" time="3.634"/>
  <testcase classname="com.shilpa.tests.LoginTest" name="sauceDemoLogin" time="3.405"/>
  <testcase classname="com.shilpa.tests.LoginTest" name="sauceDemoLogin" time="3.565"/>
</testsuite> <!-- Default test -->
