<?xml version="1.0" encoding="UTF-8"?>
<testng-results ignored="0" total="3" passed="3" failed="0" skipped="0">
  <reporter-output>
  </reporter-output>
  <suite started-at="2026-06-05T18:48:16 IST" name="Default suite" finished-at="2026-06-05T18:48:41 IST" duration-ms="25010">
    <groups>
    </groups>
    <test started-at="2026-06-05T18:48:16 IST" name="Default test" finished-at="2026-06-05T18:48:41 IST" duration-ms="25010">
      <class name="com.shilpa.tests.LoginTest">
        <test-method is-config="true" signature="setUp()[pri:0, instance:com.shilpa.tests.LoginTest@7d42c224]" started-at="2026-06-05T18:48:16 IST" name="setUp" finished-at="2026-06-05T18:48:21 IST" duration-ms="4909" status="PASS">
          <reporter-output>
          </reporter-output>
        </test-method> <!-- setUp -->
        <test-method signature="sauceDemoLogin(java.lang.String,java.lang.String)[pri:0, instance:com.shilpa.tests.LoginTest@7d42c224]" started-at="2026-06-05T18:48:21 IST" name="sauceDemoLogin" data-provider="loginData" finished-at="2026-06-05T18:48:25 IST" duration-ms="3634" status="PASS">
          <params>
            <param index="0">
              <value>
                <![CDATA[standard_user]]>
              </value>
            </param>
            <param index="1">
              <value>
                <![CDATA[secret_sauce]]>
              </value>
            </param>
          </params>
          <reporter-output>
          </reporter-output>
        </test-method> <!-- sauceDemoLogin -->
        <test-method is-config="true" signature="tearDown()[pri:0, instance:com.shilpa.tests.LoginTest@7d42c224]" started-at="2026-06-05T18:48:25 IST" name="tearDown" finished-at="2026-06-05T18:48:25 IST" duration-ms="244" status="PASS">
          <reporter-output>
          </reporter-output>
        </test-method> <!-- tearDown -->
        <test-method is-config="true" signature="setUp()[pri:0, instance:com.shilpa.tests.LoginTest@7d42c224]" started-at="2026-06-05T18:48:25 IST" name="setUp" finished-at="2026-06-05T18:48:29 IST" duration-ms="4025" status="PASS">
          <reporter-output>
          </reporter-output>
        </test-method> <!-- setUp -->
        <test-method signature="sauceDemoLogin(java.lang.String,java.lang.String)[pri:0, instance:com.shilpa.tests.LoginTest@7d42c224]" started-at="2026-06-05T18:48:29 IST" name="sauceDemoLogin" data-provider="loginData" finished-at="2026-06-05T18:48:33 IST" duration-ms="3405" status="PASS">
          <params>
            <param index="0">
              <value>
                <![CDATA[locked_out_user]]>
              </value>
            </param>
            <param index="1">
              <value>
                <![CDATA[secret_sauce]]>
              </value>
            </param>
          </params>
          <reporter-output>
          </reporter-output>
        </test-method> <!-- sauceDemoLogin -->
        <test-method is-config="true" signature="tearDown()[pri:0, instance:com.shilpa.tests.LoginTest@7d42c224]" started-at="2026-06-05T18:48:33 IST" name="tearDown" finished-at="2026-06-05T18:48:33 IST" duration-ms="201" status="PASS">
          <reporter-output>
          </reporter-output>
        </test-method> <!-- tearDown -->
        <test-method is-config="true" signature="setUp()[pri:0, instance:com.shilpa.tests.LoginTest@7d42c224]" started-at="2026-06-05T18:48:33 IST" name="setUp" finished-at="2026-06-05T18:48:37 IST" duration-ms="3908" status="PASS">
          <reporter-output>
          </reporter-output>
        </test-method> <!-- setUp -->
        <test-method signature="sauceDemoLogin(java.lang.String,java.lang.String)[pri:0, instance:com.shilpa.tests.LoginTest@7d42c224]" started-at="2026-06-05T18:48:37 IST" name="sauceDemoLogin" data-provider="loginData" finished-at="2026-06-05T18:48:40 IST" duration-ms="3565" status="PASS">
          <params>
            <param index="0">
              <value>
                <![CDATA[problem_user]]>
              </value>
            </param>
            <param index="1">
              <value>
                <![CDATA[secret_sauce]]>
              </value>
            </param>
          </params>
          <reporter-output>
          </reporter-output>
        </test-method> <!-- sauceDemoLogin -->
        <test-method is-config="true" signature="tearDown()[pri:0, instance:com.shilpa.tests.LoginTest@7d42c224]" started-at="2026-06-05T18:48:40 IST" name="tearDown" finished-at="2026-06-05T18:48:41 IST" duration-ms="266" status="PASS">
          <reporter-output>
          </reporter-output>
        </test-method> <!-- tearDown -->
      </class> <!-- com.shilpa.tests.LoginTest -->
    </test> <!-- Default test -->
  </suite> <!-- Default suite -->
</testng-results>
