<?xml version="1.0" encoding="UTF-8"?>
<!-- Generated by org.testng.reporters.JUnitReportReporter -->
<testsuite hostname="Rohit" failures="0" tests="3" name="com.shilpa.tests.LoginTest" time="24.157" errors="0" timestamp="2026-06-05T18:48:41 IST" skipped="0">
  <testcase classname="com.shilpa.tests.LoginTest" name="sauceDemoLogin" time="7.903"/>
  <testcase classname="com.shilpa.tests.LoginTest" name="sauceDemoLogin" time="8.580"/>
  <testcase classname="com.shilpa.tests.LoginTest" name="sauceDemoLogin" time="7.674"/>
</testsuite> <!-- com.shilpa.tests.LoginTest -->
