<?xml version="1.0" encoding="UTF-8"?>
<!-- Generated by org.testng.reporters.JUnitReportReporter -->
<testsuite hostname="Rohit" failures="0" tests="3" name="com.shilpa.tests.ExcelReadTest" time="0.024" errors="0" timestamp="2026-06-05T18:20:22 IST" skipped="0">
  <testcase classname="com.shilpa.tests.ExcelReadTest" name="readExcel" time="0.009"/>
  <testcase classname="com.shilpa.tests.ExcelReadTest" name="readExcel" time="0.012"/>
  <testcase classname="com.shilpa.tests.ExcelReadTest" name="readExcel" time="0.003"/>
</testsuite> <!-- com.shilpa.tests.ExcelReadTest -->
